<?xml version="1.0" encoding="UTF-8"?>
<testng-results ignored="0" total="1" passed="1" failed="0" skipped="0">
  <reporter-output>
  </reporter-output>
  <suite started-at="2022-04-30T20:42:21 IST" name="Suite" finished-at="2022-04-30T20:42:28 IST" duration-ms="6842">
    <groups>
    </groups>
    <test started-at="2022-04-30T20:42:21 IST" name="Test" finished-at="2022-04-30T20:42:28 IST" duration-ms="6842">
      <class name="build.Google">
        <test-method signature="run_google_webpage()[pri:0, instance:build.Google@6392827e]" started-at="2022-04-30T20:42:21 IST" name="run_google_webpage" finished-at="2022-04-30T20:42:28 IST" duration-ms="6817" status="PASS">
          <reporter-output>
          </reporter-output>
        </test-method> <!-- run_google_webpage -->
      </class> <!-- build.Google -->
    </test> <!-- Test -->
  </suite> <!-- Suite -->
</testng-results>
