<?xml version="1.0" encoding="UTF-8"?>
<testng-results ignored="0" total="1" passed="1" failed="0" skipped="0">
  <reporter-output>
  </reporter-output>
  <suite started-at="2022-04-30T20:37:48 IST" name="Default suite" finished-at="2022-04-30T20:37:50 IST" duration-ms="2329">
    <groups>
    </groups>
    <test started-at="2022-04-30T20:37:48 IST" name="Default test" finished-at="2022-04-30T20:37:50 IST" duration-ms="2329">
      <class name="build.Google">
        <test-method signature="run_google_webpage()[pri:0, instance:build.Google@1a6d8329]" started-at="2022-04-30T20:37:48 IST" name="run_google_webpage" finished-at="2022-04-30T20:37:50 IST" duration-ms="2308" status="PASS">
          <reporter-output>
          </reporter-output>
        </test-method> <!-- run_google_webpage -->
      </class> <!-- build.Google -->
    </test> <!-- Default test -->
  </suite> <!-- Default suite -->
</testng-results>
